<?xml version="1.0" encoding="UTF-8"?>
<testsuite name="JUnit Vintage" tests="3" skipped="0" failures="0" errors="0" time="0.205" hostname="fanhonglingdeMacBook-Pro.local" timestamp="2017-04-24T03:09:34">
<properties>
[...]
</properties>
<testcase name="test0_NewOriginalFile" classname="cryptostack.SunJceTests" time="0.007">
<system-out><![CDATA[
unique-id: [engine:junit-vintage]/[runner:cryptostack.SunJceTests]/[test:test0_NewOriginalFile(cryptostack.SunJceTests)]
display-name: test0_NewOriginalFile
]]></system-out>
</testcase>
<testcase name="test1st_KeyPair" classname="cryptostack.SunJceTests" time="0.004">
<system-out><![CDATA[
unique-id: [engine:junit-vintage]/[runner:cryptostack.SunJceTests]/[test:test1st_KeyPair(cryptostack.SunJceTests)]
display-name: test1st_KeyPair
]]></system-out>
</testcase>
<testcase name="test2nd_EncDec" classname="cryptostack.SunJceTests" time="0.097">
<system-out><![CDATA[
unique-id: [engine:junit-vintage]/[runner:cryptostack.SunJceTests]/[test:test2nd_EncDec(cryptostack.SunJceTests)]
display-name: test2nd_EncDec
]]></system-out>
</testcase>
<system-out><![CDATA[
unique-id: [engine:junit-vintage]
display-name: JUnit Vintage
]]></system-out>
</testsuite>
